c:\users\pfeilbr\source\repos\luac\luac\debug\vc141.pdb
c:\users\pfeilbr\source\repos\luac\luac\debug\vc141.idb
c:\users\pfeilbr\source\repos\luac\luac\debug\main.obj
c:\users\pfeilbr\source\repos\luac\luac\debug\lobject.obj
c:\users\pfeilbr\source\repos\luac\luac\debug\loadlib.obj
c:\users\pfeilbr\source\repos\luac\luac\debug\lmem.obj
c:\users\pfeilbr\source\repos\luac\luac\debug\lmathlib.obj
c:\users\pfeilbr\source\repos\luac\luac\debug\llex.obj
c:\users\pfeilbr\source\repos\luac\luac\debug\liolib.obj
c:\users\pfeilbr\source\repos\luac\luac\debug\linit.obj
c:\users\pfeilbr\source\repos\luac\luac\debug\lgc.obj
c:\users\pfeilbr\source\repos\luac\luac\debug\lfunc.obj
c:\users\pfeilbr\source\repos\luac\luac\debug\ldump.obj
c:\users\pfeilbr\source\repos\luac\luac\debug\ldo.obj
c:\users\pfeilbr\source\repos\luac\luac\debug\ldebug.obj
c:\users\pfeilbr\source\repos\luac\luac\debug\ldblib.obj
c:\users\pfeilbr\source\repos\luac\luac\debug\lcode.obj
c:\users\pfeilbr\source\repos\luac\luac\debug\lbaselib.obj
c:\users\pfeilbr\source\repos\luac\luac\debug\lauxlib.obj
c:\users\pfeilbr\source\repos\luac\luac\debug\lapi.obj
c:\users\pfeilbr\source\repos\luac\luac\debug\print.obj
c:\users\pfeilbr\source\repos\luac\luac\debug\lzio.obj
c:\users\pfeilbr\source\repos\luac\luac\debug\lvm.obj
c:\users\pfeilbr\source\repos\luac\luac\debug\lundump.obj
c:\users\pfeilbr\source\repos\luac\luac\debug\luac.obj
c:\users\pfeilbr\source\repos\luac\luac\debug\lua.obj
c:\users\pfeilbr\source\repos\luac\luac\debug\ltm.obj
c:\users\pfeilbr\source\repos\luac\luac\debug\ltablib.obj
c:\users\pfeilbr\source\repos\luac\luac\debug\ltable.obj
c:\users\pfeilbr\source\repos\luac\luac\debug\lstrlib.obj
c:\users\pfeilbr\source\repos\luac\luac\debug\lstring.obj
c:\users\pfeilbr\source\repos\luac\luac\debug\lstate.obj
c:\users\pfeilbr\source\repos\luac\luac\debug\lparser.obj
c:\users\pfeilbr\source\repos\luac\luac\debug\loslib.obj
c:\users\pfeilbr\source\repos\luac\luac\debug\lopcodes.obj
c:\users\pfeilbr\source\repos\luac\luac\debug\all.obj
c:\users\pfeilbr\source\repos\luac\debug\luac.dll
c:\users\pfeilbr\source\repos\luac\debug\luac.ilk
c:\users\pfeilbr\source\repos\luac\debug\luac.pdb
c:\users\pfeilbr\source\repos\luac\luac\debug\luac.tlog\cl.command.1.tlog
c:\users\pfeilbr\source\repos\luac\luac\debug\luac.tlog\cl.read.1.tlog
c:\users\pfeilbr\source\repos\luac\luac\debug\luac.tlog\cl.write.1.tlog
c:\users\pfeilbr\source\repos\luac\luac\debug\luac.tlog\link.command.1.tlog
c:\users\pfeilbr\source\repos\luac\luac\debug\luac.tlog\link.read.1.tlog
c:\users\pfeilbr\source\repos\luac\luac\debug\luac.tlog\link.write.1.tlog
